0 info it worked if it ends with ok
1 verbose cli [ '/Users/Skroget/.nvm/versions/node/v6.9.5/bin/node',
1 verbose cli   '/Users/Skroget/.nvm/versions/node/v6.9.5/bin/npm',
1 verbose cli   'run',
1 verbose cli   'coverage' ]
2 info using npm@3.10.10
3 info using node@v6.9.5
4 verbose run-script [ 'precoverage', 'coverage', 'postcoverage' ]
5 info lifecycle rct-groundcontrol@1.0.0~precoverage: rct-groundcontrol@1.0.0
6 silly lifecycle rct-groundcontrol@1.0.0~precoverage: no script for precoverage, continuing
7 info lifecycle rct-groundcontrol@1.0.0~coverage: rct-groundcontrol@1.0.0
8 verbose lifecycle rct-groundcontrol@1.0.0~coverage: unsafe-perm in lifecycle true
9 verbose lifecycle rct-groundcontrol@1.0.0~coverage: PATH: /Users/Skroget/.nvm/versions/node/v6.9.5/lib/node_modules/npm/bin/node-gyp-bin:/Users/Skroget/Desktop/GroundControl/node_modules/.bin:/Users/Skroget/.nvm/versions/node/v6.9.5/bin:/usr/local/sbin:/Users/Skroget/Desktop/go/bin:/usr/local/bin:/usr/bin:/bin:/usr/sbin:/sbin:/opt/X11/bin:/usr/local/go/bin:/Library/Frameworks/Mono.framework/Versions/Current/Commands
10 verbose lifecycle rct-groundcontrol@1.0.0~coverage: CWD: /Users/Skroget/Desktop/GroundControl
11 silly lifecycle rct-groundcontrol@1.0.0~coverage: Args: [ '-c', 'nyc _mocha example-test.js mochat.js --timeout=3000' ]
12 silly lifecycle rct-groundcontrol@1.0.0~coverage: Returned: code: 1  signal: null
13 info lifecycle rct-groundcontrol@1.0.0~coverage: Failed to exec coverage script
14 verbose stack Error: rct-groundcontrol@1.0.0 coverage: `nyc _mocha example-test.js mochat.js --timeout=3000`
14 verbose stack Exit status 1
14 verbose stack     at EventEmitter.<anonymous> (/Users/Skroget/.nvm/versions/node/v6.9.5/lib/node_modules/npm/lib/utils/lifecycle.js:255:16)
14 verbose stack     at emitTwo (events.js:106:13)
14 verbose stack     at EventEmitter.emit (events.js:191:7)
14 verbose stack     at ChildProcess.<anonymous> (/Users/Skroget/.nvm/versions/node/v6.9.5/lib/node_modules/npm/lib/utils/spawn.js:40:14)
14 verbose stack     at emitTwo (events.js:106:13)
14 verbose stack     at ChildProcess.emit (events.js:191:7)
14 verbose stack     at maybeClose (internal/child_process.js:877:16)
14 verbose stack     at Process.ChildProcess._handle.onexit (internal/child_process.js:226:5)
15 verbose pkgid rct-groundcontrol@1.0.0
16 verbose cwd /Users/Skroget/Desktop/GroundControl
17 error Darwin 16.1.0
18 error argv "/Users/Skroget/.nvm/versions/node/v6.9.5/bin/node" "/Users/Skroget/.nvm/versions/node/v6.9.5/bin/npm" "run" "coverage"
19 error node v6.9.5
20 error npm  v3.10.10
21 error code ELIFECYCLE
22 error rct-groundcontrol@1.0.0 coverage: `nyc _mocha example-test.js mochat.js --timeout=3000`
22 error Exit status 1
23 error Failed at the rct-groundcontrol@1.0.0 coverage script 'nyc _mocha example-test.js mochat.js --timeout=3000'.
23 error Make sure you have the latest version of node.js and npm installed.
23 error If you do, this is most likely a problem with the rct-groundcontrol package,
23 error not with npm itself.
23 error Tell the author that this fails on your system:
23 error     nyc _mocha example-test.js mochat.js --timeout=3000
23 error You can get information on how to open an issue for this project with:
23 error     npm bugs rct-groundcontrol
23 error Or if that isn't available, you can get their info via:
23 error     npm owner ls rct-groundcontrol
23 error There is likely additional logging output above.
24 verbose exit [ 1, true ]
